2014-08-25 19:33:54.783 Droplr[61869:70b] Multi-tasking -> Device: YES, App: YES
2014-08-25 19:33:54.884 Droplr[61869:70b] Unlimited access to network resources
2014-08-25 19:33:54.901 Droplr[61869:70b] Fix applied for database locations?: YES
2014-08-25 19:33:56.285 Droplr[61869:70b] [CDVTimer][keyboard] 0.068963ms
2014-08-25 19:33:56.285 Droplr[61869:70b] CDVPlugin class CDVStatusBar (pluginName: statusbar) does not exist.
2014-08-25 19:33:56.286 Droplr[61869:70b] [CDVTimer][statusbar] 0.442028ms
2014-08-25 19:33:56.286 Droplr[61869:70b] [CDVTimer][TotalPluginStartup] 1.420975ms
2014-08-25 19:33:56.690 Droplr[61869:70b] Resetting plugins due to page load.
2014-08-25 19:33:57.385 Droplr[61869:70b] Finished load of: file:///Users/rein/Library/Application%20Support/iPhone%20Simulator/7.1/Applications/AD34ED96-9BE6-46CD-9026-707E6449E8C0/Droplr.app/www/index.html#/app/drops
2014-08-25 19:34:03.279 Droplr[61869:70b] THREAD WARNING: ['Compass'] took '2570.780029' ms. Plugin should use a background thread.
2014-08-25 19:34:03.322 Droplr[61869:70b] Error callback: [object Object]
2014-08-25 19:34:07.476 Droplr[61869:70b] THREAD WARNING: ['Compass'] took '3710.395020' ms. Plugin should use a background thread.
2014-08-25 19:34:07.479 Droplr[61869:70b] Error callback: [object Object]
Terminating in response to SpringBoard's termination.
2014-08-27 17:22:50.961 Droplr[1753:70b] Multi-tasking -> Device: YES, App: YES
2014-08-27 17:22:51.007 Droplr[1753:70b] Unlimited access to network resources
2014-08-27 17:22:52.205 Droplr[1753:70b] [CDVTimer][keyboard] 0.081003ms
2014-08-27 17:22:52.206 Droplr[1753:70b] CDVPlugin class CDVStatusBar (pluginName: statusbar) does not exist.
2014-08-27 17:22:52.206 Droplr[1753:70b] [CDVTimer][statusbar] 0.442982ms
2014-08-27 17:22:52.207 Droplr[1753:70b] [CDVTimer][TotalPluginStartup] 1.514018ms
2014-08-27 17:22:52.472 Droplr[1753:70b] Resetting plugins due to page load.
2014-08-27 17:22:53.186 Droplr[1753:70b] Finished load of: file:///Users/rein/Library/Application%20Support/iPhone%20Simulator/7.1/Applications/A14041EC-271E-4C97-8F62-3F650BA1FCB5/Droplr.app/www/index.html#/app/drops
2014-08-27 17:23:03.165 Droplr[1753:70b] THREAD WARNING: ['Compass'] took '3243.137939' ms. Plugin should use a background thread.
2014-08-27 17:23:03.169 Droplr[1753:70b] Error callback: [object Object]
2014-08-27 17:23:04.878 Droplr[1753:70b] THREAD WARNING: ['Compass'] took '1700.387939' ms. Plugin should use a background thread.
2014-08-27 17:23:06.701 Droplr[1753:70b] THREAD WARNING: ['Compass'] took '1818.988037' ms. Plugin should use a background thread.
2014-08-27 17:23:06.704 Droplr[1753:70b] Error callback: [object Object]
2014-08-27 17:23:06.704 Droplr[1753:70b] Error callback: [object Object]
2014-08-27 17:23:08.128 Droplr[1753:70b] THREAD WARNING: ['Compass'] took '1388.137695' ms. Plugin should use a background thread.
2014-08-27 17:23:08.132 Droplr[1753:70b] Error callback: [object Object]
2014-08-27 17:23:10.062 Droplr[1753:70b] THREAD WARNING: ['Compass'] took '1928.336914' ms. Plugin should use a background thread.
2014-08-27 17:23:10.066 Droplr[1753:70b] Error callback: [object Object]
